{"message":"Command failed: adduser mallanic\nadduser: The user `mallanic' already exists.\n","level":"error"}
{"message":"Command failed: adduser mallanic\nadduser: The user `mallanic' already exists.\n","level":"error"}
{"message":"Command failed: adduser mallanic\nadduser: The user `mallanic' already exists.\n","level":"error"}
{"message":"Command failed: adduser mallanic\nadduser: The user `mallanic' already exists.\n","level":"error"}
{"message":"Command failed: adduser mallanic\nadduser: The user `mallanic' already exists.\n","level":"error"}
{"message":"Command failed: userdel -r  1001\nuserdel: user '1001' does not exist\n","level":"error"}
{"message":"Command failed: userdel -r  1001\nuserdel: user '1001' does not exist\n","level":"error"}
{"message":"Command failed: userdel -r  undefined\nuserdel: user 'undefined' does not exist\n","level":"error"}
{"message":"Command failed: userdel -r  undefined\nuserdel: user 'undefined' does not exist\n","level":"error"}
{"message":"Command failed: userdel -r  undefined\nuserdel: user 'undefined' does not exist\n","level":"error"}
{"message":"Command failed: userdel -r  undefined\nuserdel: user 'undefined' does not exist\n","level":"error"}
{"message":"Command failed: userdel -r  undefined\nuserdel: user 'undefined' does not exist\n","level":"error"}
{"message":"Command failed: userdel -r  undefined\nuserdel: user 'undefined' does not exist\n","level":"error"}
{"message":"Command failed: userdel -r  undefined\nuserdel: user 'undefined' does not exist\n","level":"error"}
{"message":"then is not defined","level":"error"}
{"message":"Command failed: adduser mallanic\nadduser: The user `mallanic' already exists.\n","level":"error"}
{"message":"Command failed: adduser mallanic -c undefined -s /bin/false\nOption s is ambiguous (shell, system)\n","level":"error"}
{"message":"Command failed: adduser mallanic -c Maxime Allanic -s /bin/false\nOption s is ambiguous (shell, system)\n","level":"error"}
{"message":"Command failed: adduser mallanic -c \"Maxime Allanic\" -s /bin/false\nOption s is ambiguous (shell, system)\n","level":"error"}
{"message":"Command failed: adduser mallanic ---gecos \"Maxime Allanic::::\" --shell /bin/false\nUnknown option: -gecos\n","level":"error"}
{"message":"Command failed: adduser mallanic -p 6530DEC8E6F2BFDCB94E1D1F86AD9418B16C0A556E2E634B9D58DA0730774000B89D56FECBAAFC9DA595296741910B787627F488EBF9A756FB9E3F88E6383F40 --gecos \"Maxime Allanic\" --shell /bin/false\nUnknown option: p\n","level":"error"}
{"message":"Command failed: adduser mallanic ---password 6530DEC8E6F2BFDCB94E1D1F86AD9418B16C0A556E2E634B9D58DA0730774000B89D56FECBAAFC9DA595296741910B787627F488EBF9A756FB9E3F88E6383F40 --gecos \"Maxime Allanic\" --shell /bin/false\nUnknown option: -password\n","level":"error"}
{"message":"Command failed: adduser mallanic --password 6530DEC8E6F2BFDCB94E1D1F86AD9418B16C0A556E2E634B9D58DA0730774000B89D56FECBAAFC9DA595296741910B787627F488EBF9A756FB9E3F88E6383F40 --gecos \"Maxime Allanic\" --shell /bin/false\nUnknown option: password\n","level":"error"}
{"message":"Command failed: adduser mallanic --quiet --disabled-password --gecos \"Maxime Allanic\" --shell /bin/false\nadduser: The user `mallanic' already exists.\n","level":"error"}
{"message":"Command failed: echo 6530DEC8E6F2BFDCB94E1D1F86AD9418B16C0A556E2E634B9D58DA0730774000B89D56FECBAAFC9DA595296741910B787627F488EBF9A756FB9E3F88E6383F40 | passwd mallanic --stdin\npasswd: unrecognized option '--stdin'\nUsage: passwd [options] [LOGIN]\n\nOptions:\n  -a, --all                     report password status on all accounts\n  -d, --delete                  delete the password for the named account\n  -e, --expire                  force expire the password for the named account\n  -h, --help                    display this help message and exit\n  -k, --keep-tokens             change password only if expired\n  -i, --inactive INACTIVE       set password inactive after expiration\n                                to INACTIVE\n  -l, --lock                    lock the password of the named account\n  -n, --mindays MIN_DAYS        set minimum number of days before password\n                                change to MIN_DAYS\n  -q, --quiet                   quiet mode\n  -r, --repository REPOSITORY   change password in REPOSITORY repository\n  -R, --root CHROOT_DIR         directory to chroot into\n  -S, --status                  report password status on the named account\n  -u, --unlock                  unlock the password of the named account\n  -w, --warndays WARN_DAYS      set expiration warning days to WARN_DAYS\n  -x, --maxdays MAX_DAYS        set maximum number of days before password\n                                change to MAX_DAYS\n\n","level":"error"}
{"message":"Command failed: echo mallanic:6530DEC8E6F2BFDCB94E1D1F86AD9418B16C0A556E2E634B9D58DA0730774000B89D56FECBAAFC9DA595296741910B787627F488EBF9A756FB9E3F88E6383F40 | chpasswd -c 512\nchpasswd: unsupported crypt method: 512\nUsage: chpasswd [options]\n\nOptions:\n  -c, --crypt-method METHOD     the crypt method (one of NONE DES MD5 SHA256 SHA512)\n  -e, --encrypted               supplied passwords are encrypted\n  -h, --help                    display this help message and exit\n  -m, --md5                     encrypt the clear text password using\n                                the MD5 algorithm\n  -R, --root CHROOT_DIR         directory to chroot into\n  -s, --sha-rounds              number of SHA rounds for the SHA*\n                                crypt algorithms\n\n","level":"error"}
{"error":{"errno":-17,"code":"EEXIST","syscall":"mkdir","path":"/tmp/router1zmm4g"},"level":"error","message":"uncaughtException: EEXIST: file already exists, mkdir '/tmp/router1zmm4g'\nError: EEXIST: file already exists, mkdir '/tmp/router1zmm4g'","stack":"Error: EEXIST: file already exists, mkdir '/tmp/router1zmm4g'","exception":true,"date":"Tue Jun 05 2018 15:07:01 GMT+0000 (UTC)","process":{"pid":450,"uid":0,"gid":0,"cwd":"/home/node/app","execPath":"/usr/local/bin/node","version":"v9.11.1","argv":["/usr/local/bin/node","/home/node/app/index.js"],"memoryUsage":{"rss":52899840,"heapTotal":26738688,"heapUsed":17284032,"external":63618}},"os":{"loadavg":[0.13916015625,0.11328125,0.0546875],"uptime":29206},"trace":[]}
{"message":"id is not defined","level":"error"}
{"message":"Cannot read property 'username' of undefined","level":"error"}
{"message":"Cannot read property 'username' of undefined","level":"error"}
{"message":"Cannot read property 'username' of undefined","level":"error"}
